  main.cpp
C:\Repositories\MeteorTechnologies\MeteorEngine\playground\HelloTriangleApplication\main.cpp(198,21): warning C4018: '<': signed/unsigned mismatch
main.obj : error LNK2019: unresolved external symbol _vkCreateInstance@12 referenced in function "private: void __thiscall HelloTriangleApplication::createInstance(void)" (?createInstance@HelloTriangleApplication@@AAEXXZ)
main.obj : error LNK2019: unresolved external symbol _vkDestroyInstance@8 referenced in function "private: void __thiscall HelloTriangleApplication::cleanup(void)" (?cleanup@HelloTriangleApplication@@AAEXXZ)
main.obj : error LNK2019: unresolved external symbol _vkEnumeratePhysicalDevices@12 referenced in function "private: void __thiscall HelloTriangleApplication::pickPhysicalDevice(void)" (?pickPhysicalDevice@HelloTriangleApplication@@AAEXXZ)
main.obj : error LNK2019: unresolved external symbol _vkGetPhysicalDeviceFeatures@8 referenced in function "bool __cdecl isDeviceSuitable(struct VkPhysicalDevice_T *)" (?isDeviceSuitable@@YA_NPAUVkPhysicalDevice_T@@@Z)
main.obj : error LNK2019: unresolved external symbol _vkGetPhysicalDeviceProperties@8 referenced in function "bool __cdecl isDeviceSuitable(struct VkPhysicalDevice_T *)" (?isDeviceSuitable@@YA_NPAUVkPhysicalDevice_T@@@Z)
main.obj : error LNK2019: unresolved external symbol _vkGetPhysicalDeviceQueueFamilyProperties@12 referenced in function "struct QueueFamilyIndices __cdecl findQueueFamilies(struct VkPhysicalDevice_T *)" (?findQueueFamilies@@YA?AUQueueFamilyIndices@@PAUVkPhysicalDevice_T@@@Z)
main.obj : error LNK2019: unresolved external symbol _vkGetInstanceProcAddr@8 referenced in function "enum VkResult __cdecl CreateDebugUtilsMessengerEXT(struct VkInstance_T *,struct VkDebugUtilsMessengerCreateInfoEXT const *,struct VkAllocationCallbacks const *,unsigned __int64 *)" (?CreateDebugUtilsMessengerEXT@@YA?AW4VkResult@@PAUVkInstance_T@@PBUVkDebugUtilsMessengerCreateInfoEXT@@PBUVkAllocationCallbacks@@PA_K@Z)
main.obj : error LNK2019: unresolved external symbol _vkEnumerateInstanceExtensionProperties@12 referenced in function "private: void __thiscall HelloTriangleApplication::createInstance(void)" (?createInstance@HelloTriangleApplication@@AAEXXZ)
main.obj : error LNK2019: unresolved external symbol _vkEnumerateInstanceLayerProperties@8 referenced in function "private: bool __thiscall HelloTriangleApplication::checkValidationLayerSupport(void)" (?checkValidationLayerSupport@HelloTriangleApplication@@AAE_NXZ)
main.obj : error LNK2019: unresolved external symbol _glfwInit referenced in function "private: void __thiscall HelloTriangleApplication::initWindow(void)" (?initWindow@HelloTriangleApplication@@AAEXXZ)
main.obj : error LNK2019: unresolved external symbol _glfwTerminate referenced in function "private: void __thiscall HelloTriangleApplication::cleanup(void)" (?cleanup@HelloTriangleApplication@@AAEXXZ)
main.obj : error LNK2019: unresolved external symbol _glfwWindowHint referenced in function "private: void __thiscall HelloTriangleApplication::initWindow(void)" (?initWindow@HelloTriangleApplication@@AAEXXZ)
main.obj : error LNK2019: unresolved external symbol _glfwCreateWindow referenced in function "private: void __thiscall HelloTriangleApplication::initWindow(void)" (?initWindow@HelloTriangleApplication@@AAEXXZ)
main.obj : error LNK2019: unresolved external symbol _glfwDestroyWindow referenced in function "private: void __thiscall HelloTriangleApplication::cleanup(void)" (?cleanup@HelloTriangleApplication@@AAEXXZ)
main.obj : error LNK2019: unresolved external symbol _glfwWindowShouldClose referenced in function "private: void __thiscall HelloTriangleApplication::mainLoop(void)" (?mainLoop@HelloTriangleApplication@@AAEXXZ)
main.obj : error LNK2019: unresolved external symbol _glfwPollEvents referenced in function "private: void __thiscall HelloTriangleApplication::mainLoop(void)" (?mainLoop@HelloTriangleApplication@@AAEXXZ)
main.obj : error LNK2019: unresolved external symbol _glfwGetRequiredInstanceExtensions referenced in function "private: class std::vector<char const *,class std::allocator<char const *> > __thiscall HelloTriangleApplication::getRequiredExtensions(void)" (?getRequiredExtensions@HelloTriangleApplication@@AAE?AV?$vector@PBDV?$allocator@PBD@std@@@std@@XZ)
C:\VulkanSDK\1.2.154.1\Lib\vulkan-1.lib : warning LNK4272: library machine type 'x64' conflicts with target machine type 'x86'
C:\Libraries\glfw-3.3.2.bin.WIN64\lib-vc2019\glfw3.lib : warning LNK4272: library machine type 'x64' conflicts with target machine type 'x86'
C:\Repositories\MeteorTechnologies\MeteorEngine\playground\HelloTriangleApplication\Debug\HelloTriangleApplication.exe : fatal error LNK1120: 17 unresolved externals
